<?xml version="1.0" encoding="UTF-8"?>
<!-- Generated by org.testng.reporters.JUnitReportReporter -->
<testsuite hostname="LAPTOP-3HV7MIJK" failures="0" tests="1" name="selenium_practice.Frames" time="17.643" errors="0" timestamp="2020-12-26T00:28:06 PST" skipped="0">
  <testcase classname="selenium_practice.Frames" name="FrameHandling" time="17.643"/>
  <system-out/>
</testsuite> <!-- selenium_practice.Frames -->
